<?xml version="1.0" encoding="UTF-8"?>
<summary Implementation-Title="Canoo Webtest" Implementation-Version="development">
    <testresult endtime="Thu Dec 15 13:11:27 CET 2022"
        location="c:\1_workspace\KP_Spring01\webtest\tests\test01.xml:35: "
        starttime="Thu Dec 15 13:11:23 CET 2022" successful="no" testspecname="test01-2">
        <description><![CDATA[Loop testing 'Add' and 'Delete']]></description>
        <config>
            <parameter name="autorefresh" value="false"/>
            <parameter name="basepath" value="kp_spring01"/>
            <parameter name="resultfile" value="WebTestReport.xml"/>
            <parameter name="timeout" value="300"/>
            <parameter name="showhtmlparseroutput" value="no"/>
            <parameter name="saveprefix" value="response"/>
            <parameter name="protocol" value="http"/>
            <parameter name="resultpath" value="c:\1_workspace\KP_Spring01\webtest\results"/>
            <parameter name="port" value="8080"/>
            <parameter name="browser" value="Microsoft Internet Explorer6.0"/>
            <parameter name="host" value="localhost"/>
            <parameter name="saveresponse" value="yes"/>
            <parameter name="haltonerror" value="no"/>
            <parameter name="haltonfailure" value="no"/>
        </config>
        <results>
            <step _filename="c:\1_workspace\KP_Spring01\webtest\tests\test01.xml" _line="39"
                description="going to 'Welcome' page" duration="4112" result="failed" taskName="group">
                <step _filename="c:\1_workspace\KP_Spring01\webtest\tests\test01.xml" _line="40"
                    duration="4112" result="failed" taskName="startApplication">
                    <step
                        _filename="c:\1_workspace\KP_Spring01\webtest\definitions\startApplication.xml"
                        _line="3" description="getting Welcome page" duration="4110" result="failed" taskName="invoke">
                        <parameter name="-> complete url" value="http://localhost:8080/kp_spring01"/>
                        <parameter name="url" value="/"/>
                    </step>
                </step>
            </step>
            <step description="adding department with employees" duration="0" result="notexecuted" taskName="group">
                <step duration="0" result="notexecuted" taskName="repeat">
                    <parameter name="count" value="3"/>
                    <parameter name="countername" value="dep"/>
                    <parameter name="startCount" value="7"/>
                    <step duration="0" result="notexecuted" taskName="addDepartment">
                        <parameter name="name" value="${dep.prefix}#{dep}"/>
                    </step>
                    <step duration="0" result="notexecuted" taskName="repeat">
                        <parameter name="count" value="3"/>
                        <parameter name="countername" value="emp"/>
                        <parameter name="startCount" value="1"/>
                        <step duration="0" result="notexecuted" taskName="addEmployee">
                            <parameter name="firstName" value="${fName.prefix}#{dep}#{emp}"/>
                            <parameter name="lastName" value="${lName.prefix}#{dep}#{emp}"/>
                            <parameter name="name" value="${dep.prefix}#{dep}"/>
                            <parameter name="title" value="${title}"/>
                        </step>
                    </step>
                    <step description="" duration="0" result="notexecuted" taskName="clickLink">
                        <parameter name="label" value="Home"/>
                    </step>
                </step>
            </step>
            <step description="deleting employees and department" duration="0" result="notexecuted" taskName="group">
                <step duration="0" result="notexecuted" taskName="repeat">
                    <parameter name="count" value="3"/>
                    <parameter name="countername" value="dep"/>
                    <parameter name="startCount" value="7"/>
                    <step duration="0" result="notexecuted" taskName="findDepartment">
                        <parameter name="name" value="${dep.prefix}#{dep}"/>
                    </step>
                    <step duration="0" result="notexecuted" taskName="repeat">
                        <parameter name="count" value="3"/>
                        <parameter name="countername" value="emp"/>
                        <parameter name="startCount" value="1"/>
                        <step duration="0" result="notexecuted" taskName="deleteEmployee">
                            <parameter name="firstName" value="${fName.prefix}#{dep}#{emp}"/>
                            <parameter name="lastName" value="${lName.prefix}#{dep}#{emp}"/>
                            <parameter name="name" value="${dep.prefix}#{dep}"/>
                        </step>
                    </step>
                    <step duration="0" result="notexecuted" taskName="deleteDepartment">
                        <parameter name="name" value="${dep.prefix}#{dep}"/>
                    </step>
                </step>
            </step>
            <error currentResponse="-- none --"
                exception="com.canoo.webtest.engine.StepExecutionException" message="Unexpected exception caught: org.apache.http.conn.HttpHostConnectException">
                <antStack>
                    <call
                        filename="c:\1_workspace\KP_Spring01\webtest\definitions\startApplication.xml" line="3"/>
                    <call filename="c:\1_workspace\KP_Spring01\webtest\tests\test01.xml" line="40"/>
                    <call filename="c:\1_workspace\KP_Spring01\webtest\tests\test01.xml" line="39"/>
                </antStack>
                <stacktrace><![CDATA[c:\1_workspace\KP_Spring01\webtest\tests\test01.xml:39: Unexpected exception caught: org.apache.tools.ant.BuildException
	at com.canoo.webtest.steps.StepUtil.handleException(StepUtil.java:122)
	at com.canoo.webtest.steps.Step.handleException(Step.java:397)
	at com.canoo.webtest.steps.Step.execute(Step.java:121)
	at org.apache.tools.ant.UnknownElement.execute(UnknownElement.java:291)
	at sun.reflect.GeneratedMethodAccessor4.invoke(Unknown Source)
	at sun.reflect.DelegatingMethodAccessorImpl.invoke(DelegatingMethodAccessorImpl.java:43)
	at java.lang.reflect.Method.invoke(Method.java:498)
	at org.apache.tools.ant.dispatch.DispatchUtils.execute(DispatchUtils.java:106)
	at org.apache.tools.ant.Task.perform(Task.java:348)
	at com.canoo.webtest.ant.TestStepSequence.executeSteps(TestStepSequence.java:43)
	at com.canoo.webtest.ant.TestStepSequence.doExecute(TestStepSequence.java:31)
	at com.canoo.webtest.steps.Step.execute(Step.java:102)
	at sun.reflect.NativeMethodAccessorImpl.invoke0(Native Method)
	at sun.reflect.NativeMethodAccessorImpl.invoke(NativeMethodAccessorImpl.java:62)
	at sun.reflect.DelegatingMethodAccessorImpl.invoke(DelegatingMethodAccessorImpl.java:43)
	at java.lang.reflect.Method.invoke(Method.java:498)
	at org.apache.tools.ant.dispatch.DispatchUtils.execute(DispatchUtils.java:106)
	at org.apache.tools.ant.Task.perform(Task.java:348)
	at com.canoo.webtest.ant.WebtestTask.executeSteps(WebtestTask.java:294)
	at com.canoo.webtest.ant.WebtestTask.execute(WebtestTask.java:219)
	at org.apache.tools.ant.UnknownElement.execute(UnknownElement.java:291)
	at sun.reflect.GeneratedMethodAccessor4.invoke(Unknown Source)
	at sun.reflect.DelegatingMethodAccessorImpl.invoke(DelegatingMethodAccessorImpl.java:43)
	at java.lang.reflect.Method.invoke(Method.java:498)
	at org.apache.tools.ant.dispatch.DispatchUtils.execute(DispatchUtils.java:106)
	at org.apache.tools.ant.Task.perform(Task.java:348)
	at org.apache.tools.ant.Target.execute(Target.java:392)
	at org.apache.tools.ant.Target.performTasks(Target.java:413)
	at org.apache.tools.ant.Project.executeSortedTargets(Project.java:1399)
	at org.apache.tools.ant.helper.SingleCheckExecutor.executeTargets(SingleCheckExecutor.java:38)
	at org.apache.tools.ant.Project.executeTargets(Project.java:1251)
	at org.apache.tools.ant.taskdefs.Ant.execute(Ant.java:442)
	at org.apache.tools.ant.UnknownElement.execute(UnknownElement.java:291)
	at sun.reflect.GeneratedMethodAccessor4.invoke(Unknown Source)
	at sun.reflect.DelegatingMethodAccessorImpl.invoke(DelegatingMethodAccessorImpl.java:43)
	at java.lang.reflect.Method.invoke(Method.java:498)
	at org.apache.tools.ant.dispatch.DispatchUtils.execute(DispatchUtils.java:106)
	at org.apache.tools.ant.Task.perform(Task.java:348)
	at org.apache.tools.ant.Target.execute(Target.java:392)
	at org.apache.tools.ant.Target.performTasks(Target.java:413)
	at org.apache.tools.ant.Project.executeSortedTargets(Project.java:1399)
	at org.apache.tools.ant.helper.SingleCheckExecutor.executeTargets(SingleCheckExecutor.java:38)
	at org.apache.tools.ant.Project.executeTargets(Project.java:1251)
	at org.apache.tools.ant.taskdefs.Ant.execute(Ant.java:442)
	at org.apache.tools.ant.UnknownElement.execute(UnknownElement.java:291)
	at sun.reflect.GeneratedMethodAccessor4.invoke(Unknown Source)
	at sun.reflect.DelegatingMethodAccessorImpl.invoke(DelegatingMethodAccessorImpl.java:43)
	at java.lang.reflect.Method.invoke(Method.java:498)
	at org.apache.tools.ant.dispatch.DispatchUtils.execute(DispatchUtils.java:106)
	at org.apache.tools.ant.Task.perform(Task.java:348)
	at org.apache.tools.ant.Target.execute(Target.java:392)
	at org.apache.tools.ant.Target.performTasks(Target.java:413)
	at org.apache.tools.ant.Project.executeSortedTargets(Project.java:1399)
	at org.apache.tools.ant.Project.executeTarget(Project.java:1368)
	at org.apache.tools.ant.helper.DefaultExecutor.executeTargets(DefaultExecutor.java:41)
	at org.apache.tools.ant.Project.executeTargets(Project.java:1251)
	at org.apache.tools.ant.Main.runBuild(Main.java:811)
	at org.apache.tools.ant.Main.startAnt(Main.java:217)
	at org.apache.tools.ant.launch.Launcher.run(Launcher.java:280)
	at org.apache.tools.ant.launch.Launcher.main(Launcher.java:109)
Caused by: c:\1_workspace\KP_Spring01\webtest\tests\test01.xml:40: The following error occurred while executing this line:
c:\1_workspace\KP_Spring01\webtest\definitions\startApplication.xml:3: Unexpected exception caught: org.apache.http.conn.HttpHostConnectException
	at org.apache.tools.ant.ProjectHelper.addLocationToBuildException(ProjectHelper.java:551)
	at org.apache.tools.ant.taskdefs.MacroInstance.execute(MacroInstance.java:401)
	at org.apache.tools.ant.UnknownElement.execute(UnknownElement.java:291)
	at sun.reflect.GeneratedMethodAccessor4.invoke(Unknown Source)
	at sun.reflect.DelegatingMethodAccessorImpl.invoke(DelegatingMethodAccessorImpl.java:43)
	at java.lang.reflect.Method.invoke(Method.java:498)
	at org.apache.tools.ant.dispatch.DispatchUtils.execute(DispatchUtils.java:106)
	at org.apache.tools.ant.Task.perform(Task.java:348)
	at com.canoo.webtest.steps.AbstractStepContainer.executeContainedStep(AbstractStepContainer.java:72)
	at com.canoo.webtest.steps.AbstractStepContainer.executeContainedSteps(AbstractStepContainer.java:80)
	at com.canoo.webtest.steps.control.GroupStep.doExecute(GroupStep.java:14)
	at com.canoo.webtest.steps.Step.execute(Step.java:102)
	... 57 more
Caused by: c:\1_workspace\KP_Spring01\webtest\definitions\startApplication.xml:3: Unexpected exception caught: org.apache.http.conn.HttpHostConnectException
	at com.canoo.webtest.steps.StepUtil.handleException(StepUtil.java:122)
	at com.canoo.webtest.steps.Step.handleException(Step.java:397)
	at com.canoo.webtest.steps.Step.execute(Step.java:121)
	at org.apache.tools.ant.UnknownElement.execute(UnknownElement.java:291)
	at sun.reflect.GeneratedMethodAccessor4.invoke(Unknown Source)
	at sun.reflect.DelegatingMethodAccessorImpl.invoke(DelegatingMethodAccessorImpl.java:43)
	at java.lang.reflect.Method.invoke(Method.java:498)
	at org.apache.tools.ant.dispatch.DispatchUtils.execute(DispatchUtils.java:106)
	at org.apache.tools.ant.Task.perform(Task.java:348)
	at org.apache.tools.ant.taskdefs.Sequential.execute(Sequential.java:68)
	at org.apache.tools.ant.UnknownElement.execute(UnknownElement.java:291)
	at sun.reflect.GeneratedMethodAccessor4.invoke(Unknown Source)
	at sun.reflect.DelegatingMethodAccessorImpl.invoke(DelegatingMethodAccessorImpl.java:43)
	at java.lang.reflect.Method.invoke(Method.java:498)
	at org.apache.tools.ant.dispatch.DispatchUtils.execute(DispatchUtils.java:106)
	at org.apache.tools.ant.Task.perform(Task.java:348)
	at org.apache.tools.ant.taskdefs.MacroInstance.execute(MacroInstance.java:398)
	... 67 more
Caused by: org.apache.http.conn.HttpHostConnectException: Connection to http://localhost:8080 refused
	at org.apache.http.impl.conn.DefaultClientConnectionOperator.openConnection(DefaultClientConnectionOperator.java:190)
	at org.apache.http.impl.conn.ManagedClientConnectionImpl.open(ManagedClientConnectionImpl.java:294)
	at org.apache.http.impl.client.DefaultRequestDirector.tryConnect(DefaultRequestDirector.java:640)
	at org.apache.http.impl.client.DefaultRequestDirector.execute(DefaultRequestDirector.java:479)
	at org.apache.http.impl.client.AbstractHttpClient.execute(AbstractHttpClient.java:906)
	at com.gargoylesoftware.htmlunit.HttpWebConnection.getResponse(HttpWebConnection.java:172)
	at com.canoo.webtest.engine.CSVTracingWebConnection.getResponse(CSVTracingWebConnection.java:55)
	at com.gargoylesoftware.htmlunit.WebClient.loadWebResponseFromWebConnection(WebClient.java:1460)
	at com.gargoylesoftware.htmlunit.WebClient.loadWebResponse(WebClient.java:1379)
	at com.gargoylesoftware.htmlunit.WebClient.getPage(WebClient.java:311)
	at com.gargoylesoftware.htmlunit.WebClient.getPage(WebClient.java:396)
	at com.canoo.webtest.steps.request.TargetHelper.getResponse(TargetHelper.java:69)
	at com.canoo.webtest.steps.request.AbstractTargetAction.getResponse(AbstractTargetAction.java:66)
	at com.canoo.webtest.steps.request.InvokePage.findTarget(InvokePage.java:160)
	at com.canoo.webtest.steps.request.AbstractTargetAction.doExecute(AbstractTargetAction.java:72)
	at com.canoo.webtest.steps.Step.execute(Step.java:102)
	... 81 more
Caused by: java.net.ConnectException: Connection refused: connect
	at java.net.DualStackPlainSocketImpl.waitForConnect(Native Method)
	at java.net.DualStackPlainSocketImpl.socketConnect(DualStackPlainSocketImpl.java:85)
	at java.net.AbstractPlainSocketImpl.doConnect(AbstractPlainSocketImpl.java:350)
	at java.net.AbstractPlainSocketImpl.connectToAddress(AbstractPlainSocketImpl.java:206)
	at java.net.AbstractPlainSocketImpl.connect(AbstractPlainSocketImpl.java:188)
	at java.net.PlainSocketImpl.connect(PlainSocketImpl.java:172)
	at java.net.SocksSocketImpl.connect(SocksSocketImpl.java:392)
	at java.net.Socket.connect(Socket.java:589)
	at com.gargoylesoftware.htmlunit.SocksSocketFactory.connectSocket(SocksSocketFactory.java:86)
	at org.apache.http.impl.conn.DefaultClientConnectionOperator.openConnection(DefaultClientConnectionOperator.java:180)
	... 96 more
]]></stacktrace>
            </error>
        </results>
    </testresult>
</summary>
