<?xml version="1.0" encoding="UTF-8"?><testsuite time="8.675" tests="2" name="WebTest" failures="0" errors="2">
<!--
			This is an overview of the WebTest results in JUnit "standard" format.
			It doesn't present all the information available in WebTest reports but can be easily be integrated
			in reports of continuous integration tools like Cruise Control.
			-->
<testcase time="4.563" name="test01-1" classname="WebTest">
<failure type="Failed test" message="Failing step: test01-1 ()"/>
</testcase>
<testcase time="4.112" name="test01-2" classname="WebTest">
<failure type="Failed test" message="Failing step: test01-2 ()"/>
</testcase>
</testsuite>
